<?xml version="1.0" encoding="utf-8"?>
<coverage line-rate="0.3912" branch-rate="0.1734" version="1.9" timestamp="1670683615" lines-covered="313" lines-valid="800" branches-covered="17" branches-valid="98">
  <sources>
    <source>D:\Github\MyVetAppointment\Project\VetAppointmentAPI\VetAppointmentAPI\</source>
  </sources>
  <packages>
    <package name="VetAppointment.Application" line-rate="0.8205" branch-rate="1" complexity="16">
      <classes>
        <class name="VetAppointment.Application.Repositories.Impl.AppointmentRepository" filename="VetAppointment.Application\Repositories\Impl\AppointmentRepository.cs" line-rate="1" branch-rate="1" complexity="1">
          <methods>
            <method name=".ctor" signature="(VetAppointment.Infrastructure.Context.IDatabaseContext)" line-rate="1" branch-rate="1" complexity="1">
              <lines>
                <line number="10" hits="24" branch="False" />
              </lines>
            </method>
          </methods>
          <lines>
            <line number="10" hits="24" branch="False" />
          </lines>
        </class>
        <class name="VetAppointment.Application.Repositories.Impl.BillingEntryRepository" filename="VetAppointment.Application\Repositories\Impl\BillingEntryRepository.cs" line-rate="0" branch-rate="1" complexity="1">
          <methods>
            <method name=".ctor" signature="(VetAppointment.Infrastructure.Context.IDatabaseContext)" line-rate="0" branch-rate="1" complexity="1">
              <lines>
                <line number="10" hits="0" branch="False" />
              </lines>
            </method>
          </methods>
          <lines>
            <line number="10" hits="0" branch="False" />
          </lines>
        </class>
        <class name="VetAppointment.Application.Repositories.Impl.DrugRepository" filename="VetAppointment.Application\Repositories\Impl\DrugRepository.cs" line-rate="1" branch-rate="1" complexity="1">
          <methods>
            <method name=".ctor" signature="(VetAppointment.Infrastructure.Context.IDatabaseContext)" line-rate="1" branch-rate="1" complexity="1">
              <lines>
                <line number="10" hits="21" branch="False" />
              </lines>
            </method>
          </methods>
          <lines>
            <line number="10" hits="21" branch="False" />
          </lines>
        </class>
        <class name="VetAppointment.Application.Repositories.Impl.DrugStockRepository" filename="VetAppointment.Application\Repositories\Impl\DrugStockRepository.cs" line-rate="1" branch-rate="1" complexity="1">
          <methods>
            <method name=".ctor" signature="(VetAppointment.Infrastructure.Context.IDatabaseContext)" line-rate="1" branch-rate="1" complexity="1">
              <lines>
                <line number="10" hits="9" branch="False" />
              </lines>
            </method>
          </methods>
          <lines>
            <line number="10" hits="9" branch="False" />
          </lines>
        </class>
        <class name="VetAppointment.Application.Repositories.Impl.MedicalHistoryEntryRepository" filename="VetAppointment.Application\Repositories\Impl\MedicalHistoryEntryRepository.cs" line-rate="0" branch-rate="1" complexity="1">
          <methods>
            <method name=".ctor" signature="(VetAppointment.Infrastructure.Context.IDatabaseContext)" line-rate="0" branch-rate="1" complexity="1">
              <lines>
                <line number="10" hits="0" branch="False" />
              </lines>
            </method>
          </methods>
          <lines>
            <line number="10" hits="0" branch="False" />
          </lines>
        </class>
        <class name="VetAppointment.Application.Repositories.Impl.OfficeRepository" filename="VetAppointment.Application\Repositories\Impl\OfficeRepository.cs" line-rate="1" branch-rate="1" complexity="1">
          <methods>
            <method name=".ctor" signature="(VetAppointment.Infrastructure.Context.IDatabaseContext)" line-rate="1" branch-rate="1" complexity="1">
              <lines>
                <line number="10" hits="24" branch="False" />
              </lines>
            </method>
          </methods>
          <lines>
            <line number="10" hits="24" branch="False" />
          </lines>
        </class>
        <class name="VetAppointment.Application.Repositories.Impl.PrescriptionRepository" filename="VetAppointment.Application\Repositories\Impl\PrescriptionRespository.cs" line-rate="0" branch-rate="1" complexity="1">
          <methods>
            <method name=".ctor" signature="(VetAppointment.Infrastructure.Context.IDatabaseContext)" line-rate="0" branch-rate="1" complexity="1">
              <lines>
                <line number="10" hits="0" branch="False" />
              </lines>
            </method>
          </methods>
          <lines>
            <line number="10" hits="0" branch="False" />
          </lines>
        </class>
        <class name="VetAppointment.Application.Repositories.Impl.UserRepository" filename="VetAppointment.Application\Repositories\Impl\UserRepository.cs" line-rate="1" branch-rate="1" complexity="1">
          <methods>
            <method name=".ctor" signature="(VetAppointment.Infrastructure.Context.IDatabaseContext)" line-rate="1" branch-rate="1" complexity="1">
              <lines>
                <line number="10" hits="24" branch="False" />
              </lines>
            </method>
          </methods>
          <lines>
            <line number="10" hits="24" branch="False" />
          </lines>
        </class>
        <class name="VetAppointment.Application.Repositories.Base.BaseRepository`1" filename="VetAppointment.Application\Repositories\Base\BaseRepository.cs" line-rate="0.8709" branch-rate="1" complexity="8">
          <methods>
            <method name="Add" signature="(T)" line-rate="1" branch-rate="1" complexity="1">
              <lines>
                <line number="16" hits="9" branch="False" />
                <line number="17" hits="9" branch="False" />
                <line number="18" hits="9" branch="False" />
                <line number="19" hits="9" branch="False" />
                <line number="20" hits="9" branch="False" />
              </lines>
            </method>
            <method name="Delete" signature="(T)" line-rate="1" branch-rate="1" complexity="1">
              <lines>
                <line number="23" hits="5" branch="False" />
                <line number="24" hits="5" branch="False" />
                <line number="25" hits="5" branch="False" />
              </lines>
            </method>
            <method name="Find" signature="(System.Linq.Expressions.Expression`1&lt;System.Func`2&lt;T,System.Boolean&gt;&gt;)" line-rate="1" branch-rate="1" complexity="1">
              <lines>
                <line number="27" hits="6" branch="False" />
                <line number="28" hits="6" branch="False" />
                <line number="29" hits="6" branch="False" />
                <line number="30" hits="6" branch="False" />
                <line number="31" hits="6" branch="False" />
              </lines>
            </method>
            <method name="Get" signature="(System.Guid)" line-rate="1" branch-rate="1" complexity="1">
              <lines>
                <line number="34" hits="16" branch="False" />
                <line number="35" hits="16" branch="False" />
                <line number="36" hits="16" branch="False" />
              </lines>
            </method>
            <method name="All" signature="()" line-rate="1" branch-rate="1" complexity="1">
              <lines>
                <line number="39" hits="8" branch="False" />
                <line number="40" hits="8" branch="False" />
                <line number="41" hits="8" branch="False" />
                <line number="42" hits="8" branch="False" />
              </lines>
            </method>
            <method name="Update" signature="(T)" line-rate="0" branch-rate="1" complexity="1">
              <lines>
                <line number="45" hits="0" branch="False" />
                <line number="46" hits="0" branch="False" />
                <line number="47" hits="0" branch="False" />
                <line number="48" hits="0" branch="False" />
              </lines>
            </method>
            <method name="SaveChanges" signature="()" line-rate="1" branch-rate="1" complexity="1">
              <lines>
                <line number="51" hits="14" branch="False" />
                <line number="52" hits="14" branch="False" />
                <line number="53" hits="14" branch="False" />
              </lines>
            </method>
            <method name=".ctor" signature="(VetAppointment.Infrastructure.Context.IDatabaseContext)" line-rate="1" branch-rate="1" complexity="1">
              <lines>
                <line number="10" hits="34" branch="False" />
                <line number="11" hits="34" branch="False" />
                <line number="12" hits="34" branch="False" />
                <line number="13" hits="34" branch="False" />
              </lines>
            </method>
          </methods>
          <lines>
            <line number="16" hits="9" branch="False" />
            <line number="17" hits="9" branch="False" />
            <line number="18" hits="9" branch="False" />
            <line number="19" hits="9" branch="False" />
            <line number="20" hits="9" branch="False" />
            <line number="23" hits="5" branch="False" />
            <line number="24" hits="5" branch="False" />
            <line number="25" hits="5" branch="False" />
            <line number="27" hits="6" branch="False" />
            <line number="28" hits="6" branch="False" />
            <line number="29" hits="6" branch="False" />
            <line number="30" hits="6" branch="False" />
            <line number="31" hits="6" branch="False" />
            <line number="34" hits="16" branch="False" />
            <line number="35" hits="16" branch="False" />
            <line number="36" hits="16" branch="False" />
            <line number="39" hits="8" branch="False" />
            <line number="40" hits="8" branch="False" />
            <line number="41" hits="8" branch="False" />
            <line number="42" hits="8" branch="False" />
            <line number="45" hits="0" branch="False" />
            <line number="46" hits="0" branch="False" />
            <line number="47" hits="0" branch="False" />
            <line number="48" hits="0" branch="False" />
            <line number="51" hits="14" branch="False" />
            <line number="52" hits="14" branch="False" />
            <line number="53" hits="14" branch="False" />
            <line number="10" hits="34" branch="False" />
            <line number="11" hits="34" branch="False" />
            <line number="12" hits="34" branch="False" />
            <line number="13" hits="34" branch="False" />
          </lines>
        </class>
      </classes>
    </package>
    <package name="VetAppointment.Domain" line-rate="0.4578" branch-rate="0.2777" complexity="99">
      <classes>
        <class name="VetAppointment.Domain.Helpers.PasswordHasher" filename="VetAppointment.Domain\Helpers\PasswordHasher.cs" line-rate="0.5263" branch-rate="0.1666" complexity="9">
          <methods>
            <method name="GetSalt" signature="(System.Int32)" line-rate="1" branch-rate="1" complexity="1">
              <lines>
                <line number="11" hits="51" branch="False" />
                <line number="12" hits="51" branch="False" />
                <line number="13" hits="51" branch="False" />
              </lines>
            </method>
            <method name="GetSalt" signature="()" line-rate="1" branch-rate="1" complexity="1">
              <lines>
                <line number="15" hits="51" branch="False" />
                <line number="16" hits="51" branch="False" />
                <line number="17" hits="51" branch="False" />
              </lines>
            </method>
            <method name="GetHashedPassword" signature="(System.String,System.String)" line-rate="0.9285" branch-rate="0.5" complexity="2">
              <lines>
                <line number="20" hits="51" branch="False" />
                <line number="21" hits="51" branch="False" />
                <line number="22" hits="51" branch="False" />
                <line number="24" hits="51" branch="False" />
                <line number="26" hits="51" branch="False" />
                <line number="27" hits="51" branch="False" />
                <line number="28" hits="51" branch="False" />
                <line number="29" hits="51" branch="False" />
                <line number="31" hits="51" branch="True" condition-coverage="50% (1/2)">
                  <conditions>
                    <condition number="72" type="jump" coverage="50%" />
                  </conditions>
                </line>
                <line number="32" hits="0" branch="False" />
                <line number="34" hits="51" branch="False" />
                <line number="35" hits="51" branch="False" />
                <line number="36" hits="51" branch="False" />
                <line number="37" hits="51" branch="False" />
              </lines>
            </method>
            <method name="IsPasswordValid" signature="(System.String,System.String,System.String)" line-rate="0" branch-rate="0" complexity="4">
              <lines>
                <line number="40" hits="0" branch="False" />
                <line number="41" hits="0" branch="False" />
                <line number="42" hits="0" branch="True" condition-coverage="0% (0/2)">
                  <conditions>
                    <condition number="30" type="jump" coverage="0%" />
                  </conditions>
                </line>
                <line number="43" hits="0" branch="False" />
                <line number="45" hits="0" branch="False" />
                <line number="47" hits="0" branch="False" />
                <line number="49" hits="0" branch="False" />
                <line number="51" hits="0" branch="False" />
                <line number="53" hits="0" branch="False" />
                <line number="54" hits="0" branch="False" />
                <line number="55" hits="0" branch="False" />
                <line number="56" hits="0" branch="False" />
                <line number="58" hits="0" branch="True" condition-coverage="0% (0/2)">
                  <conditions>
                    <condition number="123" type="jump" coverage="0%" />
                  </conditions>
                </line>
                <line number="59" hits="0" branch="False" />
                <line number="61" hits="0" branch="False" />
                <line number="63" hits="0" branch="False" />
                <line number="64" hits="0" branch="False" />
              </lines>
            </method>
            <method name=".cctor" signature="()" line-rate="1" branch-rate="1" complexity="1">
              <lines>
                <line number="9" hits="1" branch="False" />
              </lines>
            </method>
          </methods>
          <lines>
            <line number="11" hits="51" branch="False" />
            <line number="12" hits="51" branch="False" />
            <line number="13" hits="51" branch="False" />
            <line number="15" hits="51" branch="False" />
            <line number="16" hits="51" branch="False" />
            <line number="17" hits="51" branch="False" />
            <line number="20" hits="51" branch="False" />
            <line number="21" hits="51" branch="False" />
            <line number="22" hits="51" branch="False" />
            <line number="24" hits="51" branch="False" />
            <line number="26" hits="51" branch="False" />
            <line number="27" hits="51" branch="False" />
            <line number="28" hits="51" branch="False" />
            <line number="29" hits="51" branch="False" />
            <line number="31" hits="51" branch="True" condition-coverage="50% (1/2)">
              <conditions>
                <condition number="72" type="jump" coverage="50%" />
              </conditions>
            </line>
            <line number="32" hits="0" branch="False" />
            <line number="34" hits="51" branch="False" />
            <line number="35" hits="51" branch="False" />
            <line number="36" hits="51" branch="False" />
            <line number="37" hits="51" branch="False" />
            <line number="40" hits="0" branch="False" />
            <line number="41" hits="0" branch="False" />
            <line number="42" hits="0" branch="True" condition-coverage="0% (0/2)">
              <conditions>
                <condition number="30" type="jump" coverage="0%" />
              </conditions>
            </line>
            <line number="43" hits="0" branch="False" />
            <line number="45" hits="0" branch="False" />
            <line number="47" hits="0" branch="False" />
            <line number="49" hits="0" branch="False" />
            <line number="51" hits="0" branch="False" />
            <line number="53" hits="0" branch="False" />
            <line number="54" hits="0" branch="False" />
            <line number="55" hits="0" branch="False" />
            <line number="56" hits="0" branch="False" />
            <line number="58" hits="0" branch="True" condition-coverage="0% (0/2)">
              <conditions>
                <condition number="123" type="jump" coverage="0%" />
              </conditions>
            </line>
            <line number="59" hits="0" branch="False" />
            <line number="61" hits="0" branch="False" />
            <line number="63" hits="0" branch="False" />
            <line number="64" hits="0" branch="False" />
            <line number="9" hits="1" branch="False" />
          </lines>
        </class>
        <class name="VetAppointment.Domain.Helpers.Result" filename="VetAppointment.Domain\Helpers\Result.cs" line-rate="1" branch-rate="1" complexity="5">
          <methods>
            <method name="get_Error" signature="()" line-rate="1" branch-rate="1" complexity="1">
              <lines>
                <line number="5" hits="4" branch="False" />
              </lines>
            </method>
            <method name="get_IsSuccess" signature="()" line-rate="1" branch-rate="1" complexity="1">
              <lines>
                <line number="6" hits="2" branch="False" />
              </lines>
            </method>
            <method name="get_IsFailure" signature="()" line-rate="1" branch-rate="1" complexity="1">
              <lines>
                <line number="8" hits="4" branch="False" />
              </lines>
            </method>
            <method name="Success" signature="()" line-rate="1" branch-rate="1" complexity="1">
              <lines>
                <line number="11" hits="1" branch="False" />
                <line number="12" hits="1" branch="False" />
                <line number="13" hits="1" branch="False" />
              </lines>
            </method>
            <method name="Failure" signature="(System.String)" line-rate="1" branch-rate="1" complexity="1">
              <lines>
                <line number="16" hits="2" branch="False" />
                <line number="17" hits="2" branch="False" />
                <line number="18" hits="2" branch="False" />
                <line number="19" hits="2" branch="False" />
                <line number="20" hits="2" branch="False" />
                <line number="21" hits="2" branch="False" />
                <line number="22" hits="2" branch="False" />
              </lines>
            </method>
          </methods>
          <lines>
            <line number="5" hits="4" branch="False" />
            <line number="6" hits="2" branch="False" />
            <line number="8" hits="4" branch="False" />
            <line number="11" hits="1" branch="False" />
            <line number="12" hits="1" branch="False" />
            <line number="13" hits="1" branch="False" />
            <line number="16" hits="2" branch="False" />
            <line number="17" hits="2" branch="False" />
            <line number="18" hits="2" branch="False" />
            <line number="19" hits="2" branch="False" />
            <line number="20" hits="2" branch="False" />
            <line number="21" hits="2" branch="False" />
            <line number="22" hits="2" branch="False" />
          </lines>
        </class>
        <class name="VetAppointment.Domain.Helpers.Result`1" filename="VetAppointment.Domain\Helpers\ResultOfEntity.cs" line-rate="0" branch-rate="1" complexity="6">
          <methods>
            <method name="get_Entity" signature="()" line-rate="0" branch-rate="1" complexity="1">
              <lines>
                <line number="5" hits="0" branch="False" />
              </lines>
            </method>
            <method name="get_Error" signature="()" line-rate="0" branch-rate="1" complexity="1">
              <lines>
                <line number="7" hits="0" branch="False" />
              </lines>
            </method>
            <method name="get_IsSuccess" signature="()" line-rate="0" branch-rate="1" complexity="1">
              <lines>
                <line number="8" hits="0" branch="False" />
              </lines>
            </method>
            <method name="get_IsFailure" signature="()" line-rate="0" branch-rate="1" complexity="1">
              <lines>
                <line number="10" hits="0" branch="False" />
              </lines>
            </method>
            <method name="Success" signature="(TEntity)" line-rate="0" branch-rate="1" complexity="1">
              <lines>
                <line number="13" hits="0" branch="False" />
                <line number="14" hits="0" branch="False" />
                <line number="15" hits="0" branch="False" />
              </lines>
            </method>
            <method name="Failure" signature="(System.String)" line-rate="0" branch-rate="1" complexity="1">
              <lines>
                <line number="18" hits="0" branch="False" />
                <line number="19" hits="0" branch="False" />
                <line number="20" hits="0" branch="False" />
                <line number="21" hits="0" branch="False" />
                <line number="22" hits="0" branch="False" />
                <line number="23" hits="0" branch="False" />
                <line number="24" hits="0" branch="False" />
              </lines>
            </method>
          </methods>
          <lines>
            <line number="5" hits="0" branch="False" />
            <line number="7" hits="0" branch="False" />
            <line number="8" hits="0" branch="False" />
            <line number="10" hits="0" branch="False" />
            <line number="13" hits="0" branch="False" />
            <line number="14" hits="0" branch="False" />
            <line number="15" hits="0" branch="False" />
            <line number="18" hits="0" branch="False" />
            <line number="19" hits="0" branch="False" />
            <line number="20" hits="0" branch="False" />
            <line number="21" hits="0" branch="False" />
            <line number="22" hits="0" branch="False" />
            <line number="23" hits="0" branch="False" />
            <line number="24" hits="0" branch="False" />
          </lines>
        </class>
        <class name="VetAppointment.Domain.Entities.Appointment" filename="VetAppointment.Domain\Entities\Appointment.cs" line-rate="1" branch-rate="1" complexity="13">
          <methods>
            <method name="get_AppointmentId" signature="()" line-rate="1" branch-rate="1" complexity="1">
              <lines>
                <line number="23" hits="4" branch="False" />
              </lines>
            </method>
            <method name="get_AppointerId" signature="()" line-rate="1" branch-rate="1" complexity="1">
              <lines>
                <line number="24" hits="2" branch="False" />
              </lines>
            </method>
            <method name="get_Appointer" signature="()" line-rate="1" branch-rate="1" complexity="1">
              <lines>
                <line number="25" hits="2" branch="False" />
              </lines>
            </method>
            <method name="get_AppointeeId" signature="()" line-rate="1" branch-rate="1" complexity="1">
              <lines>
                <line number="26" hits="2" branch="False" />
              </lines>
            </method>
            <method name="get_Appointee" signature="()" line-rate="1" branch-rate="1" complexity="1">
              <lines>
                <line number="27" hits="2" branch="False" />
              </lines>
            </method>
            <method name="get_IsExpired" signature="()" line-rate="1" branch-rate="1" complexity="1">
              <lines>
                <line number="28" hits="2" branch="False" />
              </lines>
            </method>
            <method name="get_CreatedAt" signature="()" line-rate="1" branch-rate="1" complexity="1">
              <lines>
                <line number="29" hits="2" branch="False" />
              </lines>
            </method>
            <method name="get_DueDate" signature="()" line-rate="1" branch-rate="1" complexity="1">
              <lines>
                <line number="30" hits="2" branch="False" />
              </lines>
            </method>
            <method name="get_Description" signature="()" line-rate="1" branch-rate="1" complexity="1">
              <lines>
                <line number="31" hits="4" branch="False" />
              </lines>
            </method>
            <method name="get_Title" signature="()" line-rate="1" branch-rate="1" complexity="1">
              <lines>
                <line number="32" hits="3" branch="False" />
              </lines>
            </method>
            <method name="get_Type" signature="()" line-rate="1" branch-rate="1" complexity="1">
              <lines>
                <line number="33" hits="3" branch="False" />
              </lines>
            </method>
            <method name=".ctor" signature="(VetAppointment.Domain.Entities.User,VetAppointment.Domain.Entities.User,System.DateTime,System.String,System.String,System.String)" line-rate="1" branch-rate="1" complexity="1">
              <lines>
                <line number="6" hits="2" branch="False" />
                <line number="7" hits="2" branch="False" />
                <line number="8" hits="2" branch="False" />
                <line number="9" hits="2" branch="False" />
                <line number="10" hits="2" branch="False" />
              </lines>
            </method>
            <method name=".ctor" signature="(System.Guid,System.Guid,System.DateTime,System.String,System.String,System.String)" line-rate="1" branch-rate="1" complexity="1">
              <lines>
                <line number="12" hits="2" branch="False" />
                <line number="13" hits="2" branch="False" />
                <line number="14" hits="2" branch="False" />
                <line number="15" hits="2" branch="False" />
                <line number="16" hits="2" branch="False" />
                <line number="17" hits="2" branch="False" />
                <line number="18" hits="2" branch="False" />
                <line number="19" hits="2" branch="False" />
                <line number="20" hits="2" branch="False" />
                <line number="21" hits="2" branch="False" />
                <line number="22" hits="2" branch="False" />
              </lines>
            </method>
          </methods>
          <lines>
            <line number="23" hits="4" branch="False" />
            <line number="24" hits="2" branch="False" />
            <line number="25" hits="2" branch="False" />
            <line number="26" hits="2" branch="False" />
            <line number="27" hits="2" branch="False" />
            <line number="28" hits="2" branch="False" />
            <line number="29" hits="2" branch="False" />
            <line number="30" hits="2" branch="False" />
            <line number="31" hits="4" branch="False" />
            <line number="32" hits="3" branch="False" />
            <line number="33" hits="3" branch="False" />
            <line number="6" hits="2" branch="False" />
            <line number="7" hits="2" branch="False" />
            <line number="8" hits="2" branch="False" />
            <line number="9" hits="2" branch="False" />
            <line number="10" hits="2" branch="False" />
            <line number="12" hits="2" branch="False" />
            <line number="13" hits="2" branch="False" />
            <line number="14" hits="2" branch="False" />
            <line number="15" hits="2" branch="False" />
            <line number="16" hits="2" branch="False" />
            <line number="17" hits="2" branch="False" />
            <line number="18" hits="2" branch="False" />
            <line number="19" hits="2" branch="False" />
            <line number="20" hits="2" branch="False" />
            <line number="21" hits="2" branch="False" />
            <line number="22" hits="2" branch="False" />
          </lines>
        </class>
        <class name="VetAppointment.Domain.Entities.BillingEntry" filename="VetAppointment.Domain\Entities\BillingEntry.cs" line-rate="0" branch-rate="1" complexity="13">
          <methods>
            <method name="get_BillingEntryId" signature="()" line-rate="0" branch-rate="1" complexity="1">
              <lines>
                <line number="25" hits="0" branch="False" />
              </lines>
            </method>
            <method name="get_IssuerId" signature="()" line-rate="0" branch-rate="1" complexity="1">
              <lines>
                <line number="26" hits="0" branch="False" />
              </lines>
            </method>
            <method name="get_Issuer" signature="()" line-rate="0" branch-rate="1" complexity="1">
              <lines>
                <line number="27" hits="0" branch="False" />
              </lines>
            </method>
            <method name="get_CustomerId" signature="()" line-rate="0" branch-rate="1" complexity="1">
              <lines>
                <line number="28" hits="0" branch="False" />
              </lines>
            </method>
            <method name="get_Customer" signature="()" line-rate="0" branch-rate="1" complexity="1">
              <lines>
                <line number="29" hits="0" branch="False" />
              </lines>
            </method>
            <method name="get_DateTime" signature="()" line-rate="0" branch-rate="1" complexity="1">
              <lines>
                <line number="30" hits="0" branch="False" />
              </lines>
            </method>
            <method name="get_PrescriptionId" signature="()" line-rate="0" branch-rate="1" complexity="1">
              <lines>
                <line number="31" hits="0" branch="False" />
              </lines>
            </method>
            <method name="get_Prescription" signature="()" line-rate="0" branch-rate="1" complexity="1">
              <lines>
                <line number="32" hits="0" branch="False" />
              </lines>
            </method>
            <method name="get_AppointmentId" signature="()" line-rate="0" branch-rate="1" complexity="1">
              <lines>
                <line number="33" hits="0" branch="False" />
              </lines>
            </method>
            <method name="get_Appointment" signature="()" line-rate="0" branch-rate="1" complexity="1">
              <lines>
                <line number="34" hits="0" branch="False" />
              </lines>
            </method>
            <method name="get_Price" signature="()" line-rate="0" branch-rate="1" complexity="1">
              <lines>
                <line number="35" hits="0" branch="False" />
              </lines>
            </method>
            <method name=".ctor" signature="(VetAppointment.Domain.Entities.User,VetAppointment.Domain.Entities.User,System.DateTime,VetAppointment.Domain.Entities.Prescription,VetAppointment.Domain.Entities.Appointment,System.Int32)" line-rate="0" branch-rate="1" complexity="1">
              <lines>
                <line number="6" hits="0" branch="False" />
                <line number="7" hits="0" branch="False" />
                <line number="8" hits="0" branch="False" />
                <line number="9" hits="0" branch="False" />
                <line number="10" hits="0" branch="False" />
                <line number="11" hits="0" branch="False" />
                <line number="12" hits="0" branch="False" />
              </lines>
            </method>
            <method name=".ctor" signature="(System.Guid,System.Guid,System.DateTime,System.Guid,System.Guid,System.Int32)" line-rate="0" branch-rate="1" complexity="1">
              <lines>
                <line number="14" hits="0" branch="False" />
                <line number="15" hits="0" branch="False" />
                <line number="16" hits="0" branch="False" />
                <line number="17" hits="0" branch="False" />
                <line number="18" hits="0" branch="False" />
                <line number="19" hits="0" branch="False" />
                <line number="20" hits="0" branch="False" />
                <line number="21" hits="0" branch="False" />
                <line number="22" hits="0" branch="False" />
                <line number="23" hits="0" branch="False" />
              </lines>
            </method>
          </methods>
          <lines>
            <line number="25" hits="0" branch="False" />
            <line number="26" hits="0" branch="False" />
            <line number="27" hits="0" branch="False" />
            <line number="28" hits="0" branch="False" />
            <line number="29" hits="0" branch="False" />
            <line number="30" hits="0" branch="False" />
            <line number="31" hits="0" branch="False" />
            <line number="32" hits="0" branch="False" />
            <line number="33" hits="0" branch="False" />
            <line number="34" hits="0" branch="False" />
            <line number="35" hits="0" branch="False" />
            <line number="6" hits="0" branch="False" />
            <line number="7" hits="0" branch="False" />
            <line number="8" hits="0" branch="False" />
            <line number="9" hits="0" branch="False" />
            <line number="10" hits="0" branch="False" />
            <line number="11" hits="0" branch="False" />
            <line number="12" hits="0" branch="False" />
            <line number="14" hits="0" branch="False" />
            <line number="15" hits="0" branch="False" />
            <line number="16" hits="0" branch="False" />
            <line number="17" hits="0" branch="False" />
            <line number="18" hits="0" branch="False" />
            <line number="19" hits="0" branch="False" />
            <line number="20" hits="0" branch="False" />
            <line number="21" hits="0" branch="False" />
            <line number="22" hits="0" branch="False" />
            <line number="23" hits="0" branch="False" />
          </lines>
        </class>
        <class name="VetAppointment.Domain.Entities.Drug" filename="VetAppointment.Domain\Entities\Drug.cs" line-rate="0.6923" branch-rate="1" complexity="5">
          <methods>
            <method name="get_DrugId" signature="()" line-rate="1" branch-rate="1" complexity="1">
              <lines>
                <line number="12" hits="12" branch="False" />
              </lines>
            </method>
            <method name="get_Title" signature="()" line-rate="1" branch-rate="1" complexity="1">
              <lines>
                <line number="13" hits="9" branch="False" />
              </lines>
            </method>
            <method name="get_Price" signature="()" line-rate="1" branch-rate="1" complexity="1">
              <lines>
                <line number="14" hits="8" branch="False" />
              </lines>
            </method>
            <method name="UpdateNameAndPrice" signature="(System.String,System.Int32)" line-rate="0" branch-rate="1" complexity="1">
              <lines>
                <line number="17" hits="0" branch="False" />
                <line number="18" hits="0" branch="False" />
                <line number="19" hits="0" branch="False" />
                <line number="20" hits="0" branch="False" />
              </lines>
            </method>
            <method name=".ctor" signature="(System.String,System.Int32)" line-rate="1" branch-rate="1" complexity="1">
              <lines>
                <line number="5" hits="6" branch="False" />
                <line number="6" hits="6" branch="False" />
                <line number="7" hits="6" branch="False" />
                <line number="8" hits="6" branch="False" />
                <line number="9" hits="6" branch="False" />
                <line number="10" hits="6" branch="False" />
              </lines>
            </method>
          </methods>
          <lines>
            <line number="12" hits="12" branch="False" />
            <line number="13" hits="9" branch="False" />
            <line number="14" hits="8" branch="False" />
            <line number="17" hits="0" branch="False" />
            <line number="18" hits="0" branch="False" />
            <line number="19" hits="0" branch="False" />
            <line number="20" hits="0" branch="False" />
            <line number="5" hits="6" branch="False" />
            <line number="6" hits="6" branch="False" />
            <line number="7" hits="6" branch="False" />
            <line number="8" hits="6" branch="False" />
            <line number="9" hits="6" branch="False" />
            <line number="10" hits="6" branch="False" />
          </lines>
        </class>
        <class name="VetAppointment.Domain.Entities.DrugStock" filename="VetAppointment.Domain\Entities\DrugStock.cs" line-rate="1" branch-rate="1" complexity="10">
          <methods>
            <method name="get_DrugStockId" signature="()" line-rate="1" branch-rate="1" complexity="1">
              <lines>
                <line number="19" hits="3" branch="False" />
              </lines>
            </method>
            <method name="get_TypeId" signature="()" line-rate="1" branch-rate="1" complexity="1">
              <lines>
                <line number="20" hits="3" branch="False" />
              </lines>
            </method>
            <method name="get_Type" signature="()" line-rate="1" branch-rate="1" complexity="1">
              <lines>
                <line number="21" hits="3" branch="False" />
              </lines>
            </method>
            <method name="get_Quantity" signature="()" line-rate="1" branch-rate="1" complexity="1">
              <lines>
                <line number="22" hits="8" branch="False" />
              </lines>
            </method>
            <method name="RemoveDrugsFromPublicStock" signature="(System.Int32)" line-rate="1" branch-rate="1" complexity="4">
              <lines>
                <line number="25" hits="3" branch="False" />
                <line number="26" hits="3" branch="True" condition-coverage="100% (2/2)">
                  <conditions>
                    <condition number="12" type="jump" coverage="100%" />
                  </conditions>
                </line>
                <line number="27" hits="1" branch="False" />
                <line number="28" hits="2" branch="True" condition-coverage="100% (2/2)">
                  <conditions>
                    <condition number="33" type="jump" coverage="100%" />
                  </conditions>
                </line>
                <line number="29" hits="1" branch="False" />
                <line number="30" hits="1" branch="False" />
                <line number="31" hits="1" branch="False" />
                <line number="32" hits="3" branch="False" />
              </lines>
            </method>
            <method name=".ctor" signature="(VetAppointment.Domain.Entities.Drug,System.Int32)" line-rate="1" branch-rate="1" complexity="1">
              <lines>
                <line number="7" hits="3" branch="False" />
                <line number="8" hits="3" branch="False" />
                <line number="9" hits="3" branch="False" />
                <line number="10" hits="3" branch="False" />
              </lines>
            </method>
            <method name=".ctor" signature="(System.Guid,System.Int32)" line-rate="1" branch-rate="1" complexity="1">
              <lines>
                <line number="12" hits="3" branch="False" />
                <line number="13" hits="3" branch="False" />
                <line number="14" hits="3" branch="False" />
                <line number="15" hits="3" branch="False" />
                <line number="16" hits="3" branch="False" />
                <line number="17" hits="3" branch="False" />
              </lines>
            </method>
          </methods>
          <lines>
            <line number="19" hits="3" branch="False" />
            <line number="20" hits="3" branch="False" />
            <line number="21" hits="3" branch="False" />
            <line number="22" hits="8" branch="False" />
            <line number="25" hits="3" branch="False" />
            <line number="26" hits="3" branch="True" condition-coverage="100% (2/2)">
              <conditions>
                <condition number="12" type="jump" coverage="100%" />
              </conditions>
            </line>
            <line number="27" hits="1" branch="False" />
            <line number="28" hits="2" branch="True" condition-coverage="100% (2/2)">
              <conditions>
                <condition number="33" type="jump" coverage="100%" />
              </conditions>
            </line>
            <line number="29" hits="1" branch="False" />
            <line number="30" hits="1" branch="False" />
            <line number="31" hits="1" branch="False" />
            <line number="32" hits="3" branch="False" />
            <line number="7" hits="3" branch="False" />
            <line number="8" hits="3" branch="False" />
            <line number="9" hits="3" branch="False" />
            <line number="10" hits="3" branch="False" />
            <line number="12" hits="3" branch="False" />
            <line number="13" hits="3" branch="False" />
            <line number="14" hits="3" branch="False" />
            <line number="15" hits="3" branch="False" />
            <line number="16" hits="3" branch="False" />
            <line number="17" hits="3" branch="False" />
          </lines>
        </class>
        <class name="VetAppointment.Domain.Entities.MedicalHistoryEntry" filename="VetAppointment.Domain\Entities\MedicalHistoryEntry.cs" line-rate="0" branch-rate="1" complexity="7">
          <methods>
            <method name="get_MedicalHistoryEntryId" signature="()" line-rate="0" branch-rate="1" complexity="1">
              <lines>
                <line number="19" hits="0" branch="False" />
              </lines>
            </method>
            <method name="get_AppointmentId" signature="()" line-rate="0" branch-rate="1" complexity="1">
              <lines>
                <line number="20" hits="0" branch="False" />
              </lines>
            </method>
            <method name="get_Appointment" signature="()" line-rate="0" branch-rate="1" complexity="1">
              <lines>
                <line number="21" hits="0" branch="False" />
              </lines>
            </method>
            <method name="get_PrescriptionId" signature="()" line-rate="0" branch-rate="1" complexity="1">
              <lines>
                <line number="22" hits="0" branch="False" />
              </lines>
            </method>
            <method name="get_Prescription" signature="()" line-rate="0" branch-rate="1" complexity="1">
              <lines>
                <line number="23" hits="0" branch="False" />
              </lines>
            </method>
            <method name=".ctor" signature="(VetAppointment.Domain.Entities.Appointment,VetAppointment.Domain.Entities.Prescription)" line-rate="0" branch-rate="1" complexity="1">
              <lines>
                <line number="6" hits="0" branch="False" />
                <line number="7" hits="0" branch="False" />
                <line number="8" hits="0" branch="False" />
                <line number="9" hits="0" branch="False" />
                <line number="10" hits="0" branch="False" />
              </lines>
            </method>
            <method name=".ctor" signature="(System.Guid,System.Guid)" line-rate="0" branch-rate="1" complexity="1">
              <lines>
                <line number="12" hits="0" branch="False" />
                <line number="13" hits="0" branch="False" />
                <line number="14" hits="0" branch="False" />
                <line number="15" hits="0" branch="False" />
                <line number="16" hits="0" branch="False" />
                <line number="17" hits="0" branch="False" />
              </lines>
            </method>
          </methods>
          <lines>
            <line number="19" hits="0" branch="False" />
            <line number="20" hits="0" branch="False" />
            <line number="21" hits="0" branch="False" />
            <line number="22" hits="0" branch="False" />
            <line number="23" hits="0" branch="False" />
            <line number="6" hits="0" branch="False" />
            <line number="7" hits="0" branch="False" />
            <line number="8" hits="0" branch="False" />
            <line number="9" hits="0" branch="False" />
            <line number="10" hits="0" branch="False" />
            <line number="12" hits="0" branch="False" />
            <line number="13" hits="0" branch="False" />
            <line number="14" hits="0" branch="False" />
            <line number="15" hits="0" branch="False" />
            <line number="16" hits="0" branch="False" />
            <line number="17" hits="0" branch="False" />
          </lines>
        </class>
        <class name="VetAppointment.Domain.Entities.Office" filename="VetAppointment.Domain\Entities\Office.cs" line-rate="1" branch-rate="1" complexity="3">
          <methods>
            <method name="get_OfficeId" signature="()" line-rate="1" branch-rate="1" complexity="1">
              <lines>
                <line number="10" hits="217" branch="False" />
              </lines>
            </method>
            <method name="get_Address" signature="()" line-rate="1" branch-rate="1" complexity="1">
              <lines>
                <line number="11" hits="216" branch="False" />
              </lines>
            </method>
            <method name=".ctor" signature="(System.String)" line-rate="1" branch-rate="1" complexity="1">
              <lines>
                <line number="5" hits="109" branch="False" />
                <line number="6" hits="109" branch="False" />
                <line number="7" hits="109" branch="False" />
                <line number="8" hits="109" branch="False" />
                <line number="9" hits="109" branch="False" />
              </lines>
            </method>
          </methods>
          <lines>
            <line number="10" hits="217" branch="False" />
            <line number="11" hits="216" branch="False" />
            <line number="5" hits="109" branch="False" />
            <line number="6" hits="109" branch="False" />
            <line number="7" hits="109" branch="False" />
            <line number="8" hits="109" branch="False" />
            <line number="9" hits="109" branch="False" />
          </lines>
        </class>
        <class name="VetAppointment.Domain.Entities.Prescription" filename="VetAppointment.Domain\Entities\Prescription.cs" line-rate="0" branch-rate="0" complexity="6">
          <methods>
            <method name="get_PrescriptionId" signature="()" line-rate="0" branch-rate="1" complexity="1">
              <lines>
                <line number="14" hits="0" branch="False" />
              </lines>
            </method>
            <method name="get_Drugs" signature="()" line-rate="0" branch-rate="1" complexity="1">
              <lines>
                <line number="15" hits="0" branch="False" />
              </lines>
            </method>
            <method name="get_Description" signature="()" line-rate="0" branch-rate="1" complexity="1">
              <lines>
                <line number="16" hits="0" branch="False" />
              </lines>
            </method>
            <method name="AddDrugToPrescription" signature="(VetAppointment.Domain.Entities.PrescriptionDrug)" line-rate="0" branch-rate="0" complexity="2">
              <lines>
                <line number="19" hits="0" branch="False" />
                <line number="20" hits="0" branch="True" condition-coverage="0% (0/2)">
                  <conditions>
                    <condition number="7" type="jump" coverage="0%" />
                  </conditions>
                </line>
                <line number="21" hits="0" branch="False" />
                <line number="22" hits="0" branch="False" />
                <line number="23" hits="0" branch="False" />
                <line number="24" hits="0" branch="False" />
              </lines>
            </method>
            <method name=".ctor" signature="(System.String)" line-rate="0" branch-rate="1" complexity="1">
              <lines>
                <line number="7" hits="0" branch="False" />
                <line number="8" hits="0" branch="False" />
                <line number="9" hits="0" branch="False" />
                <line number="10" hits="0" branch="False" />
                <line number="11" hits="0" branch="False" />
                <line number="12" hits="0" branch="False" />
              </lines>
            </method>
          </methods>
          <lines>
            <line number="14" hits="0" branch="False" />
            <line number="15" hits="0" branch="False" />
            <line number="16" hits="0" branch="False" />
            <line number="19" hits="0" branch="False" />
            <line number="20" hits="0" branch="True" condition-coverage="0% (0/2)">
              <conditions>
                <condition number="7" type="jump" coverage="0%" />
              </conditions>
            </line>
            <line number="21" hits="0" branch="False" />
            <line number="22" hits="0" branch="False" />
            <line number="23" hits="0" branch="False" />
            <line number="24" hits="0" branch="False" />
            <line number="7" hits="0" branch="False" />
            <line number="8" hits="0" branch="False" />
            <line number="9" hits="0" branch="False" />
            <line number="10" hits="0" branch="False" />
            <line number="11" hits="0" branch="False" />
            <line number="12" hits="0" branch="False" />
          </lines>
        </class>
        <class name="VetAppointment.Domain.Entities.PrescriptionDrug" filename="VetAppointment.Domain\Entities\PrescriptionDrug.cs" line-rate="0" branch-rate="0" complexity="8">
          <methods>
            <method name="get_PrescriptionDrugId" signature="()" line-rate="0" branch-rate="1" complexity="1">
              <lines>
                <line number="19" hits="0" branch="False" />
              </lines>
            </method>
            <method name="get_StockId" signature="()" line-rate="0" branch-rate="1" complexity="1">
              <lines>
                <line number="20" hits="0" branch="False" />
              </lines>
            </method>
            <method name="get_Stock" signature="()" line-rate="0" branch-rate="1" complexity="1">
              <lines>
                <line number="21" hits="0" branch="False" />
              </lines>
            </method>
            <method name="get_Quantity" signature="()" line-rate="0" branch-rate="1" complexity="1">
              <lines>
                <line number="22" hits="0" branch="False" />
              </lines>
            </method>
            <method name="CreatePrescriptionDrug" signature="(VetAppointment.Domain.Entities.DrugStock,System.Int32)" line-rate="0" branch-rate="0" complexity="2">
              <lines>
                <line number="25" hits="0" branch="False" />
                <line number="26" hits="0" branch="False" />
                <line number="27" hits="0" branch="True" condition-coverage="0% (0/2)">
                  <conditions>
                    <condition number="17" type="jump" coverage="0%" />
                  </conditions>
                </line>
                <line number="28" hits="0" branch="False" />
                <line number="30" hits="0" branch="False" />
                <line number="31" hits="0" branch="False" />
                <line number="32" hits="0" branch="False" />
              </lines>
            </method>
            <method name=".ctor" signature="(VetAppointment.Domain.Entities.DrugStock,System.Int32)" line-rate="0" branch-rate="1" complexity="1">
              <lines>
                <line number="7" hits="0" branch="False" />
                <line number="8" hits="0" branch="False" />
                <line number="9" hits="0" branch="False" />
                <line number="10" hits="0" branch="False" />
              </lines>
            </method>
            <method name=".ctor" signature="(System.Guid,System.Int32)" line-rate="0" branch-rate="1" complexity="1">
              <lines>
                <line number="12" hits="0" branch="False" />
                <line number="13" hits="0" branch="False" />
                <line number="14" hits="0" branch="False" />
                <line number="15" hits="0" branch="False" />
                <line number="16" hits="0" branch="False" />
                <line number="17" hits="0" branch="False" />
              </lines>
            </method>
          </methods>
          <lines>
            <line number="19" hits="0" branch="False" />
            <line number="20" hits="0" branch="False" />
            <line number="21" hits="0" branch="False" />
            <line number="22" hits="0" branch="False" />
            <line number="25" hits="0" branch="False" />
            <line number="26" hits="0" branch="False" />
            <line number="27" hits="0" branch="True" condition-coverage="0% (0/2)">
              <conditions>
                <condition number="17" type="jump" coverage="0%" />
              </conditions>
            </line>
            <line number="28" hits="0" branch="False" />
            <line number="30" hits="0" branch="False" />
            <line number="31" hits="0" branch="False" />
            <line number="32" hits="0" branch="False" />
            <line number="7" hits="0" branch="False" />
            <line number="8" hits="0" branch="False" />
            <line number="9" hits="0" branch="False" />
            <line number="10" hits="0" branch="False" />
            <line number="12" hits="0" branch="False" />
            <line number="13" hits="0" branch="False" />
            <line number="14" hits="0" branch="False" />
            <line number="15" hits="0" branch="False" />
            <line number="16" hits="0" branch="False" />
            <line number="17" hits="0" branch="False" />
          </lines>
        </class>
        <class name="VetAppointment.Domain.Entities.User" filename="VetAppointment.Domain\Entities\User.cs" line-rate="0.4571" branch-rate="0" complexity="14">
          <methods>
            <method name="get_UserId" signature="()" line-rate="1" branch-rate="1" complexity="1">
              <lines>
                <line number="16" hits="82" branch="False" />
              </lines>
            </method>
            <method name="get_Username" signature="()" line-rate="1" branch-rate="1" complexity="1">
              <lines>
                <line number="17" hits="78" branch="False" />
              </lines>
            </method>
            <method name="get_Password" signature="()" line-rate="1" branch-rate="1" complexity="1">
              <lines>
                <line number="18" hits="76" branch="False" />
              </lines>
            </method>
            <method name="get_IsMedic" signature="()" line-rate="1" branch-rate="1" complexity="1">
              <lines>
                <line number="19" hits="76" branch="False" />
              </lines>
            </method>
            <method name="get_HasOffice" signature="()" line-rate="1" branch-rate="1" complexity="1">
              <lines>
                <line number="20" hits="77" branch="False" />
              </lines>
            </method>
            <method name="get_OfficeId" signature="()" line-rate="1" branch-rate="1" complexity="1">
              <lines>
                <line number="21" hits="25" branch="False" />
              </lines>
            </method>
            <method name="get_UserOffice" signature="()" line-rate="1" branch-rate="1" complexity="1">
              <lines>
                <line number="22" hits="25" branch="False" />
              </lines>
            </method>
            <method name="get_JoinedDate" signature="()" line-rate="1" branch-rate="1" complexity="1">
              <lines>
                <line number="23" hits="76" branch="False" />
              </lines>
            </method>
            <method name="RegisterOfficeToUser" signature="(VetAppointment.Domain.Entities.Office)" line-rate="0" branch-rate="0" complexity="2">
              <lines>
                <line number="26" hits="0" branch="False" />
                <line number="27" hits="0" branch="True" condition-coverage="0% (0/2)">
                  <conditions>
                    <condition number="7" type="jump" coverage="0%" />
                  </conditions>
                </line>
                <line number="28" hits="0" branch="False" />
                <line number="29" hits="0" branch="False" />
                <line number="30" hits="0" branch="False" />
                <line number="31" hits="0" branch="False" />
                <line number="32" hits="0" branch="False" />
                <line number="33" hits="0" branch="False" />
              </lines>
            </method>
            <method name="UnregisterOfficeFromUser" signature="()" line-rate="0" branch-rate="0" complexity="2">
              <lines>
                <line number="36" hits="0" branch="False" />
                <line number="37" hits="0" branch="True" condition-coverage="0% (0/2)">
                  <conditions>
                    <condition number="12" type="jump" coverage="0%" />
                  </conditions>
                </line>
                <line number="38" hits="0" branch="False" />
                <line number="39" hits="0" branch="False" />
                <line number="40" hits="0" branch="False" />
                <line number="41" hits="0" branch="False" />
                <line number="42" hits="0" branch="False" />
                <line number="43" hits="0" branch="False" />
              </lines>
            </method>
            <method name="IsPasswordValid" signature="(System.String)" line-rate="0" branch-rate="1" complexity="1">
              <lines>
                <line number="46" hits="0" branch="False" />
                <line number="47" hits="0" branch="False" />
                <line number="48" hits="0" branch="False" />
              </lines>
            </method>
            <method name=".ctor" signature="(System.String,System.String,System.Boolean)" line-rate="1" branch-rate="1" complexity="1">
              <lines>
                <line number="7" hits="51" branch="False" />
                <line number="8" hits="51" branch="False" />
                <line number="9" hits="51" branch="False" />
                <line number="10" hits="51" branch="False" />
                <line number="11" hits="51" branch="False" />
                <line number="12" hits="51" branch="False" />
                <line number="13" hits="51" branch="False" />
                <line number="14" hits="51" branch="False" />
              </lines>
            </method>
          </methods>
          <lines>
            <line number="16" hits="82" branch="False" />
            <line number="17" hits="78" branch="False" />
            <line number="18" hits="76" branch="False" />
            <line number="19" hits="76" branch="False" />
            <line number="20" hits="77" branch="False" />
            <line number="21" hits="25" branch="False" />
            <line number="22" hits="25" branch="False" />
            <line number="23" hits="76" branch="False" />
            <line number="26" hits="0" branch="False" />
            <line number="27" hits="0" branch="True" condition-coverage="0% (0/2)">
              <conditions>
                <condition number="7" type="jump" coverage="0%" />
              </conditions>
            </line>
            <line number="28" hits="0" branch="False" />
            <line number="29" hits="0" branch="False" />
            <line number="30" hits="0" branch="False" />
            <line number="31" hits="0" branch="False" />
            <line number="32" hits="0" branch="False" />
            <line number="33" hits="0" branch="False" />
            <line number="36" hits="0" branch="False" />
            <line number="37" hits="0" branch="True" condition-coverage="0% (0/2)">
              <conditions>
                <condition number="12" type="jump" coverage="0%" />
              </conditions>
            </line>
            <line number="38" hits="0" branch="False" />
            <line number="39" hits="0" branch="False" />
            <line number="40" hits="0" branch="False" />
            <line number="41" hits="0" branch="False" />
            <line number="42" hits="0" branch="False" />
            <line number="43" hits="0" branch="False" />
            <line number="46" hits="0" branch="False" />
            <line number="47" hits="0" branch="False" />
            <line number="48" hits="0" branch="False" />
            <line number="7" hits="51" branch="False" />
            <line number="8" hits="51" branch="False" />
            <line number="9" hits="51" branch="False" />
            <line number="10" hits="51" branch="False" />
            <line number="11" hits="51" branch="False" />
            <line number="12" hits="51" branch="False" />
            <line number="13" hits="51" branch="False" />
            <line number="14" hits="51" branch="False" />
          </lines>
        </class>
      </classes>
    </package>
    <package name="VetAppointment.Infrastructure" line-rate="0.22219999999999998" branch-rate="1" complexity="12">
      <classes>
        <class name="VetAppointment.Infrastructure.Context.DatabaseContext" filename="VetAppointment.Infrastructure\Context\DatabaseContext.cs" line-rate="0.22219999999999998" branch-rate="1" complexity="12">
          <methods>
            <method name="get_Users" signature="()" line-rate="0" branch-rate="1" complexity="1">
              <lines>
                <line number="14" hits="0" branch="False" />
              </lines>
            </method>
            <method name="get_Offices" signature="()" line-rate="0" branch-rate="1" complexity="1">
              <lines>
                <line number="15" hits="0" branch="False" />
              </lines>
            </method>
            <method name="get_Appointments" signature="()" line-rate="0" branch-rate="1" complexity="1">
              <lines>
                <line number="16" hits="0" branch="False" />
              </lines>
            </method>
            <method name="get_MedicalEntries" signature="()" line-rate="0" branch-rate="1" complexity="1">
              <lines>
                <line number="17" hits="0" branch="False" />
              </lines>
            </method>
            <method name="get_Prescriptions" signature="()" line-rate="0" branch-rate="1" complexity="1">
              <lines>
                <line number="18" hits="0" branch="False" />
              </lines>
            </method>
            <method name="get_PrescriptionDrugs" signature="()" line-rate="0" branch-rate="1" complexity="1">
              <lines>
                <line number="19" hits="0" branch="False" />
              </lines>
            </method>
            <method name="get_Drugs" signature="()" line-rate="0" branch-rate="1" complexity="1">
              <lines>
                <line number="20" hits="0" branch="False" />
              </lines>
            </method>
            <method name="get_DrugStocks" signature="()" line-rate="0" branch-rate="1" complexity="1">
              <lines>
                <line number="21" hits="0" branch="False" />
              </lines>
            </method>
            <method name="get_BillingEntries" signature="()" line-rate="0" branch-rate="1" complexity="1">
              <lines>
                <line number="22" hits="0" branch="False" />
              </lines>
            </method>
            <method name="Save" signature="()" line-rate="0" branch-rate="1" complexity="1">
              <lines>
                <line number="25" hits="0" branch="False" />
                <line number="26" hits="0" branch="False" />
                <line number="27" hits="0" branch="False" />
              </lines>
            </method>
            <method name=".ctor" signature="(Microsoft.EntityFrameworkCore.DbContextOptions`1&lt;VetAppointment.Infrastructure.Context.DatabaseContext&gt;)" line-rate="1" branch-rate="1" complexity="1">
              <lines>
                <line number="8" hits="40" branch="False" />
                <line number="9" hits="40" branch="False" />
                <line number="10" hits="40" branch="False" />
                <line number="11" hits="40" branch="False" />
              </lines>
            </method>
            <method name=".ctor" signature="()" line-rate="0" branch-rate="1" complexity="1">
              <lines>
                <line number="12" hits="0" branch="False" />
                <line number="13" hits="0" branch="False" />
              </lines>
            </method>
          </methods>
          <lines>
            <line number="14" hits="0" branch="False" />
            <line number="15" hits="0" branch="False" />
            <line number="16" hits="0" branch="False" />
            <line number="17" hits="0" branch="False" />
            <line number="18" hits="0" branch="False" />
            <line number="19" hits="0" branch="False" />
            <line number="20" hits="0" branch="False" />
            <line number="21" hits="0" branch="False" />
            <line number="22" hits="0" branch="False" />
            <line number="25" hits="0" branch="False" />
            <line number="26" hits="0" branch="False" />
            <line number="27" hits="0" branch="False" />
            <line number="8" hits="40" branch="False" />
            <line number="9" hits="40" branch="False" />
            <line number="10" hits="40" branch="False" />
            <line number="11" hits="40" branch="False" />
            <line number="12" hits="0" branch="False" />
            <line number="13" hits="0" branch="False" />
          </lines>
        </class>
      </classes>
    </package>
    <package name="VetAppointment.WebAPI" line-rate="0.3299" branch-rate="0.15" complexity="164">
      <classes>
        <class name="Program" filename="VetAppointment.WebAPI\Program.cs" line-rate="1" branch-rate="1" complexity="2">
          <methods>
            <method name="&lt;Main&gt;$" signature="(System.String[])" line-rate="1" branch-rate="1" complexity="2">
              <lines>
                <line number="6" hits="16" branch="False" />
                <line number="8" hits="36" branch="False" />
                <line number="9" hits="36" branch="False" />
                <line number="10" hits="56" branch="False" />
                <line number="13" hits="16" branch="False" />
                <line number="15" hits="16" branch="False" />
                <line number="16" hits="16" branch="False" />
                <line number="17" hits="16" branch="False" />
                <line number="18" hits="16" branch="False" />
                <line number="19" hits="16" branch="False" />
                <line number="20" hits="16" branch="False" />
                <line number="21" hits="32" branch="False" />
                <line number="22" hits="32" branch="False" />
                <line number="26" hits="16" branch="False" />
                <line number="28" hits="16" branch="False" />
                <line number="29" hits="16" branch="False" />
                <line number="31" hits="16" branch="False" />
                <line number="32" hits="16" branch="False" />
                <line number="33" hits="16" branch="False" />
                <line number="34" hits="16" branch="False" />
                <line number="35" hits="16" branch="False" />
                <line number="36" hits="16" branch="False" />
                <line number="37" hits="16" branch="False" />
                <line number="38" hits="16" branch="False" />
                <line number="39" hits="16" branch="False" />
                <line number="41" hits="16" branch="False" />
                <line number="44" hits="16" branch="True" condition-coverage="100% (2/2)">
                  <conditions>
                    <condition number="319" type="jump" coverage="100%" />
                  </conditions>
                </line>
                <line number="45" hits="16" branch="False" />
                <line number="46" hits="16" branch="False" />
                <line number="47" hits="16" branch="False" />
                <line number="48" hits="16" branch="False" />
                <line number="50" hits="16" branch="False" />
                <line number="52" hits="16" branch="False" />
                <line number="54" hits="16" branch="False" />
                <line number="56" hits="16" branch="False" />
                <line number="58" hits="16" branch="False" />
              </lines>
            </method>
          </methods>
          <lines>
            <line number="6" hits="16" branch="False" />
            <line number="8" hits="36" branch="False" />
            <line number="9" hits="36" branch="False" />
            <line number="10" hits="56" branch="False" />
            <line number="13" hits="16" branch="False" />
            <line number="15" hits="16" branch="False" />
            <line number="16" hits="16" branch="False" />
            <line number="17" hits="16" branch="False" />
            <line number="18" hits="16" branch="False" />
            <line number="19" hits="16" branch="False" />
            <line number="20" hits="16" branch="False" />
            <line number="21" hits="32" branch="False" />
            <line number="22" hits="32" branch="False" />
            <line number="26" hits="16" branch="False" />
            <line number="28" hits="16" branch="False" />
            <line number="29" hits="16" branch="False" />
            <line number="31" hits="16" branch="False" />
            <line number="32" hits="16" branch="False" />
            <line number="33" hits="16" branch="False" />
            <line number="34" hits="16" branch="False" />
            <line number="35" hits="16" branch="False" />
            <line number="36" hits="16" branch="False" />
            <line number="37" hits="16" branch="False" />
            <line number="38" hits="16" branch="False" />
            <line number="39" hits="16" branch="False" />
            <line number="41" hits="16" branch="False" />
            <line number="44" hits="16" branch="True" condition-coverage="100% (2/2)">
              <conditions>
                <condition number="319" type="jump" coverage="100%" />
              </conditions>
            </line>
            <line number="45" hits="16" branch="False" />
            <line number="46" hits="16" branch="False" />
            <line number="47" hits="16" branch="False" />
            <line number="48" hits="16" branch="False" />
            <line number="50" hits="16" branch="False" />
            <line number="52" hits="16" branch="False" />
            <line number="54" hits="16" branch="False" />
            <line number="56" hits="16" branch="False" />
            <line number="58" hits="16" branch="False" />
          </lines>
        </class>
        <class name="VetAppointment.WebAPI.Properties.BillingEntryController" filename="VetAppointment.WebAPI\Properties\BillingEntryController.cs" line-rate="0" branch-rate="0" complexity="8">
          <methods>
            <method name="SearchBillingById" signature="(System.Guid)" line-rate="0" branch-rate="0" complexity="2">
              <lines>
                <line number="30" hits="0" branch="False" />
                <line number="31" hits="0" branch="False" />
                <line number="33" hits="0" branch="True" condition-coverage="0% (0/2)">
                  <conditions>
                    <condition number="15" type="jump" coverage="0%" />
                  </conditions>
                </line>
                <line number="34" hits="0" branch="False" />
              </lines>
            </method>
            <method name="GetAllBills" signature="()" line-rate="0" branch-rate="1" complexity="1">
              <lines>
                <line number="38" hits="0" branch="False" />
                <line number="39" hits="0" branch="False" />
                <line number="40" hits="0" branch="False" />
                <line number="41" hits="0" branch="False" />
                <line number="42" hits="0" branch="False" />
                <line number="43" hits="0" branch="False" />
                <line number="44" hits="0" branch="False" />
                <line number="45" hits="0" branch="False" />
                <line number="46" hits="0" branch="False" />
                <line number="47" hits="0" branch="False" />
                <line number="48" hits="0" branch="False" />
                <line number="49" hits="0" branch="False" />
                <line number="50" hits="0" branch="False" />
              </lines>
            </method>
            <method name="Create" signature="(VetAppointment.WebAPI.DTOs.BillingEntryDto)" line-rate="0" branch-rate="0" complexity="2">
              <lines>
                <line number="54" hits="0" branch="False" />
                <line number="55" hits="0" branch="False" />
                <line number="57" hits="0" branch="True" condition-coverage="0% (0/2)">
                  <conditions>
                    <condition number="25" type="jump" coverage="0%" />
                  </conditions>
                </line>
                <line number="58" hits="0" branch="False" />
                <line number="60" hits="0" branch="False" />
                <line number="61" hits="0" branch="False" />
                <line number="62" hits="0" branch="False" />
                <line number="63" hits="0" branch="False" />
                <line number="65" hits="0" branch="False" />
              </lines>
            </method>
            <method name="Delete" signature="(System.Guid)" line-rate="0" branch-rate="0" complexity="2">
              <lines>
                <line number="69" hits="0" branch="False" />
                <line number="70" hits="0" branch="False" />
                <line number="72" hits="0" branch="True" condition-coverage="0% (0/2)">
                  <conditions>
                    <condition number="20" type="jump" coverage="0%" />
                  </conditions>
                </line>
                <line number="73" hits="0" branch="False" />
                <line number="74" hits="0" branch="False" />
                <line number="75" hits="0" branch="False" />
                <line number="76" hits="0" branch="False" />
                <line number="77" hits="0" branch="False" />
                <line number="78" hits="0" branch="False" />
                <line number="79" hits="0" branch="False" />
              </lines>
            </method>
            <method name=".ctor" signature="(VetAppointment.Application.Repositories.Interfaces.IBillingEntryRepository,VetAppointment.Application.Repositories.Interfaces.IUserRepository,VetAppointment.Application.Repositories.Interfaces.IOfficeRepository,VetAppointment.Application.Repositories.Interfaces.IAppointmentRepository,VetAppointment.Application.Repositories.Interfaces.IPrescriptionRepository)" line-rate="0" branch-rate="1" complexity="1">
              <lines>
                <line number="18" hits="0" branch="False" />
                <line number="19" hits="0" branch="False" />
                <line number="20" hits="0" branch="False" />
                <line number="21" hits="0" branch="False" />
                <line number="22" hits="0" branch="False" />
                <line number="23" hits="0" branch="False" />
                <line number="24" hits="0" branch="False" />
                <line number="25" hits="0" branch="False" />
              </lines>
            </method>
          </methods>
          <lines>
            <line number="30" hits="0" branch="False" />
            <line number="31" hits="0" branch="False" />
            <line number="33" hits="0" branch="True" condition-coverage="0% (0/2)">
              <conditions>
                <condition number="15" type="jump" coverage="0%" />
              </conditions>
            </line>
            <line number="34" hits="0" branch="False" />
            <line number="38" hits="0" branch="False" />
            <line number="39" hits="0" branch="False" />
            <line number="40" hits="0" branch="False" />
            <line number="41" hits="0" branch="False" />
            <line number="42" hits="0" branch="False" />
            <line number="43" hits="0" branch="False" />
            <line number="44" hits="0" branch="False" />
            <line number="45" hits="0" branch="False" />
            <line number="46" hits="0" branch="False" />
            <line number="47" hits="0" branch="False" />
            <line number="48" hits="0" branch="False" />
            <line number="49" hits="0" branch="False" />
            <line number="50" hits="0" branch="False" />
            <line number="54" hits="0" branch="False" />
            <line number="55" hits="0" branch="False" />
            <line number="57" hits="0" branch="True" condition-coverage="0% (0/2)">
              <conditions>
                <condition number="25" type="jump" coverage="0%" />
              </conditions>
            </line>
            <line number="58" hits="0" branch="False" />
            <line number="60" hits="0" branch="False" />
            <line number="61" hits="0" branch="False" />
            <line number="62" hits="0" branch="False" />
            <line number="63" hits="0" branch="False" />
            <line number="65" hits="0" branch="False" />
            <line number="69" hits="0" branch="False" />
            <line number="70" hits="0" branch="False" />
            <line number="72" hits="0" branch="True" condition-coverage="0% (0/2)">
              <conditions>
                <condition number="20" type="jump" coverage="0%" />
              </conditions>
            </line>
            <line number="73" hits="0" branch="False" />
            <line number="74" hits="0" branch="False" />
            <line number="75" hits="0" branch="False" />
            <line number="76" hits="0" branch="False" />
            <line number="77" hits="0" branch="False" />
[...]
                  <conditions>
                    <condition number="20" type="jump" coverage="0%" />
                  </conditions>
                </line>
                <line number="68" hits="0" branch="False" />
                <line number="69" hits="0" branch="False" />
                <line number="70" hits="0" branch="False" />
                <line number="71" hits="0" branch="False" />
                <line number="72" hits="0" branch="False" />
              </lines>
            </method>
            <method name=".ctor" signature="(VetAppointment.Application.Repositories.Interfaces.IMedicalHistoryEntryRepository,VetAppointment.Application.Repositories.Interfaces.IAppointmentRepository,VetAppointment.Application.Repositories.Interfaces.IPrescriptionRepository)" line-rate="0" branch-rate="1" complexity="1">
              <lines>
                <line number="17" hits="0" branch="False" />
                <line number="18" hits="0" branch="False" />
                <line number="19" hits="0" branch="False" />
                <line number="20" hits="0" branch="False" />
                <line number="21" hits="0" branch="False" />
                <line number="22" hits="0" branch="False" />
                <line number="23" hits="0" branch="False" />
              </lines>
            </method>
          </methods>
          <lines>
            <line number="27" hits="0" branch="False" />
            <line number="28" hits="0" branch="False" />
            <line number="29" hits="0" branch="False" />
            <line number="33" hits="0" branch="False" />
            <line number="34" hits="0" branch="False" />
            <line number="35" hits="0" branch="True" condition-coverage="0% (0/2)">
              <conditions>
                <condition number="20" type="jump" coverage="0%" />
              </conditions>
            </line>
            <line number="36" hits="0" branch="False" />
            <line number="38" hits="0" branch="False" />
            <line number="40" hits="0" branch="False" />
            <line number="41" hits="0" branch="False" />
            <line number="45" hits="0" branch="False" />
            <line number="46" hits="0" branch="False" />
            <line number="47" hits="0" branch="True" condition-coverage="0% (0/2)">
              <conditions>
                <condition number="27" type="jump" coverage="0%" />
              </conditions>
            </line>
            <line number="48" hits="0" branch="False" />
            <line number="50" hits="0" branch="False" />
            <line number="51" hits="0" branch="True" condition-coverage="0% (0/2)">
              <conditions>
                <condition number="65" type="jump" coverage="0%" />
              </conditions>
            </line>
            <line number="52" hits="0" branch="False" />
            <line number="55" hits="0" branch="False" />
            <line number="56" hits="0" branch="False" />
            <line number="57" hits="0" branch="False" />
            <line number="59" hits="0" branch="False" />
            <line number="60" hits="0" branch="False" />
            <line number="61" hits="0" branch="False" />
            <line number="65" hits="0" branch="False" />
            <line number="66" hits="0" branch="False" />
            <line number="67" hits="0" branch="True" condition-coverage="0% (0/2)">
              <conditions>
                <condition number="20" type="jump" coverage="0%" />
              </conditions>
            </line>
            <line number="68" hits="0" branch="False" />
            <line number="69" hits="0" branch="False" />
            <line number="70" hits="0" branch="False" />
            <line number="71" hits="0" branch="False" />
            <line number="72" hits="0" branch="False" />
            <line number="17" hits="0" branch="False" />
            <line number="18" hits="0" branch="False" />
            <line number="19" hits="0" branch="False" />
            <line number="20" hits="0" branch="False" />
            <line number="21" hits="0" branch="False" />
            <line number="22" hits="0" branch="False" />
            <line number="23" hits="0" branch="False" />
          </lines>
        </class>
        <class name="VetAppointment.WebAPI.Controllers.OfficesController" filename="VetAppointment.WebAPI\Controllers\OfficesController.cs" line-rate="0.6944" branch-rate="0.3333" complexity="9">
          <methods>
            <method name="Get" signature="()" line-rate="1" branch-rate="1" complexity="1">
              <lines>
                <line number="22" hits="2" branch="False" />
                <line number="23" hits="2" branch="False" />
                <line number="24" hits="2" branch="False" />
              </lines>
            </method>
            <method name="Get" signature="(System.Guid)" line-rate="0.7142000000000001" branch-rate="0.5" complexity="2">
              <lines>
                <line number="29" hits="1" branch="False" />
                <line number="30" hits="1" branch="False" />
                <line number="31" hits="1" branch="True" condition-coverage="50% (1/2)">
                  <conditions>
                    <condition number="20" type="jump" coverage="50%" />
                  </conditions>
                </line>
                <line number="32" hits="0" branch="False" />
                <line number="33" hits="0" branch="False" />
                <line number="35" hits="1" branch="False" />
                <line number="36" hits="1" branch="False" />
              </lines>
            </method>
            <method name="Post" signature="(VetAppointment.WebAPI.Dtos.OfficeDto)" line-rate="1" branch-rate="1" complexity="1">
              <lines>
                <line number="41" hits="3" branch="False" />
                <line number="42" hits="3" branch="False" />
                <line number="43" hits="3" branch="False" />
                <line number="44" hits="3" branch="False" />
                <line number="46" hits="3" branch="False" />
                <line number="47" hits="3" branch="False" />
              </lines>
            </method>
            <method name="Put" signature="(VetAppointment.WebAPI.Dtos.OfficeDto)" line-rate="0" branch-rate="0" complexity="2">
              <lines>
                <line number="52" hits="0" branch="False" />
                <line number="53" hits="0" branch="False" />
                <line number="54" hits="0" branch="True" condition-coverage="0% (0/2)">
                  <conditions>
                    <condition number="25" type="jump" coverage="0%" />
                  </conditions>
                </line>
                <line number="55" hits="0" branch="False" />
                <line number="57" hits="0" branch="False" />
                <line number="58" hits="0" branch="False" />
                <line number="60" hits="0" branch="False" />
                <line number="61" hits="0" branch="False" />
              </lines>
            </method>
            <method name="Delete" signature="(System.Guid)" line-rate="0.875" branch-rate="0.5" complexity="2">
              <lines>
                <line number="66" hits="1" branch="False" />
                <line number="67" hits="1" branch="False" />
                <line number="68" hits="1" branch="True" condition-coverage="50% (1/2)">
                  <conditions>
                    <condition number="20" type="jump" coverage="50%" />
                  </conditions>
                </line>
                <line number="69" hits="0" branch="False" />
                <line number="71" hits="1" branch="False" />
                <line number="72" hits="1" branch="False" />
                <line number="74" hits="1" branch="False" />
                <line number="75" hits="1" branch="False" />
              </lines>
            </method>
            <method name=".ctor" signature="(VetAppointment.Application.Repositories.Interfaces.IOfficeRepository)" line-rate="1" branch-rate="1" complexity="1">
              <lines>
                <line number="14" hits="7" branch="False" />
                <line number="15" hits="7" branch="False" />
                <line number="16" hits="7" branch="False" />
                <line number="17" hits="7" branch="False" />
              </lines>
            </method>
          </methods>
          <lines>
            <line number="22" hits="2" branch="False" />
            <line number="23" hits="2" branch="False" />
            <line number="24" hits="2" branch="False" />
            <line number="29" hits="1" branch="False" />
            <line number="30" hits="1" branch="False" />
            <line number="31" hits="1" branch="True" condition-coverage="50% (1/2)">
              <conditions>
                <condition number="20" type="jump" coverage="50%" />
              </conditions>
            </line>
            <line number="32" hits="0" branch="False" />
            <line number="33" hits="0" branch="False" />
            <line number="35" hits="1" branch="False" />
            <line number="36" hits="1" branch="False" />
            <line number="41" hits="3" branch="False" />
            <line number="42" hits="3" branch="False" />
            <line number="43" hits="3" branch="False" />
            <line number="44" hits="3" branch="False" />
            <line number="46" hits="3" branch="False" />
            <line number="47" hits="3" branch="False" />
            <line number="52" hits="0" branch="False" />
            <line number="53" hits="0" branch="False" />
            <line number="54" hits="0" branch="True" condition-coverage="0% (0/2)">
              <conditions>
                <condition number="25" type="jump" coverage="0%" />
              </conditions>
            </line>
            <line number="55" hits="0" branch="False" />
            <line number="57" hits="0" branch="False" />
            <line number="58" hits="0" branch="False" />
            <line number="60" hits="0" branch="False" />
            <line number="61" hits="0" branch="False" />
            <line number="66" hits="1" branch="False" />
            <line number="67" hits="1" branch="False" />
            <line number="68" hits="1" branch="True" condition-coverage="50% (1/2)">
              <conditions>
                <condition number="20" type="jump" coverage="50%" />
              </conditions>
            </line>
            <line number="69" hits="0" branch="False" />
            <line number="71" hits="1" branch="False" />
            <line number="72" hits="1" branch="False" />
            <line number="74" hits="1" branch="False" />
            <line number="75" hits="1" branch="False" />
            <line number="14" hits="7" branch="False" />
            <line number="15" hits="7" branch="False" />
            <line number="16" hits="7" branch="False" />
            <line number="17" hits="7" branch="False" />
          </lines>
        </class>
        <class name="VetAppointment.WebAPI.Controllers.UsersController" filename="VetAppointment.WebAPI\Controllers\UsersController.cs" line-rate="0.4042" branch-rate="0.1" complexity="13">
          <methods>
            <method name="Get" signature="()" line-rate="1" branch-rate="1" complexity="1">
              <lines>
                <line number="24" hits="1" branch="False" />
                <line number="25" hits="1" branch="False" />
                <line number="26" hits="1" branch="False" />
              </lines>
            </method>
            <method name="Get" signature="(System.Guid)" line-rate="0" branch-rate="0" complexity="6">
              <lines>
                <line number="31" hits="0" branch="False" />
                <line number="32" hits="0" branch="False" />
                <line number="33" hits="0" branch="True" condition-coverage="0% (0/2)">
                  <conditions>
                    <condition number="38" type="jump" coverage="0%" />
                  </conditions>
                </line>
                <line number="34" hits="0" branch="False" />
                <line number="36" hits="0" branch="False" />
                <line number="37" hits="0" branch="False" />
                <line number="39" hits="0" branch="False" />
                <line number="40" hits="0" branch="True" condition-coverage="0% (0/2)">
                  <conditions>
                    <condition number="320" type="jump" coverage="0%" />
                  </conditions>
                </line>
                <line number="41" hits="0" branch="False" />
                <line number="42" hits="0" branch="False" />
                <line number="43" hits="0" branch="True" condition-coverage="0% (0/2)">
                  <conditions>
                    <condition number="290" type="jump" coverage="0%" />
                  </conditions>
                </line>
                <line number="44" hits="0" branch="False" />
                <line number="46" hits="0" branch="False" />
                <line number="47" hits="0" branch="False" />
                <line number="48" hits="0" branch="False" />
                <line number="49" hits="0" branch="False" />
                <line number="50" hits="0" branch="False" />
              </lines>
            </method>
            <method name="Post" signature="(VetAppointment.WebAPI.Dtos.UserDto.DefaultUserDto)" line-rate="1" branch-rate="1" complexity="1">
              <lines>
                <line number="55" hits="1" branch="False" />
                <line number="56" hits="1" branch="False" />
                <line number="57" hits="1" branch="False" />
                <line number="58" hits="1" branch="False" />
                <line number="60" hits="1" branch="False" />
                <line number="61" hits="1" branch="False" />
              </lines>
            </method>
            <method name="Put" signature="(VetAppointment.WebAPI.Dtos.UserDto.DefaultUserDto)" line-rate="0" branch-rate="0" complexity="2">
              <lines>
                <line number="66" hits="0" branch="False" />
                <line number="67" hits="0" branch="False" />
                <line number="68" hits="0" branch="True" condition-coverage="0% (0/2)">
                  <conditions>
                    <condition number="25" type="jump" coverage="0%" />
                  </conditions>
                </line>
                <line number="69" hits="0" branch="False" />
                <line number="71" hits="0" branch="False" />
                <line number="72" hits="0" branch="False" />
                <line number="74" hits="0" branch="False" />
                <line number="75" hits="0" branch="False" />
              </lines>
            </method>
            <method name="Delete" signature="(System.Guid)" line-rate="0.625" branch-rate="0.5" complexity="2">
              <lines>
                <line number="80" hits="1" branch="False" />
                <line number="81" hits="1" branch="False" />
                <line number="82" hits="1" branch="True" condition-coverage="50% (1/2)">
                  <conditions>
                    <condition number="20" type="jump" coverage="50%" />
                  </conditions>
                </line>
                <line number="83" hits="1" branch="False" />
                <line number="85" hits="0" branch="False" />
                <line number="86" hits="0" branch="False" />
                <line number="88" hits="0" branch="False" />
                <line number="89" hits="1" branch="False" />
              </lines>
            </method>
            <method name=".ctor" signature="(VetAppointment.Application.Repositories.Interfaces.IUserRepository,VetAppointment.Application.Repositories.Interfaces.IAppointmentRepository)" line-rate="1" branch-rate="1" complexity="1">
              <lines>
                <line number="15" hits="3" branch="False" />
                <line number="16" hits="3" branch="False" />
                <line number="17" hits="3" branch="False" />
                <line number="18" hits="3" branch="False" />
                <line number="19" hits="3" branch="False" />
              </lines>
            </method>
          </methods>
          <lines>
            <line number="24" hits="1" branch="False" />
            <line number="25" hits="1" branch="False" />
            <line number="26" hits="1" branch="False" />
            <line number="31" hits="0" branch="False" />
            <line number="32" hits="0" branch="False" />
            <line number="33" hits="0" branch="True" condition-coverage="0% (0/2)">
              <conditions>
                <condition number="38" type="jump" coverage="0%" />
              </conditions>
            </line>
            <line number="34" hits="0" branch="False" />
            <line number="36" hits="0" branch="False" />
            <line number="37" hits="0" branch="False" />
            <line number="39" hits="0" branch="False" />
            <line number="40" hits="0" branch="True" condition-coverage="0% (0/2)">
              <conditions>
                <condition number="320" type="jump" coverage="0%" />
              </conditions>
            </line>
            <line number="41" hits="0" branch="False" />
            <line number="42" hits="0" branch="False" />
            <line number="43" hits="0" branch="True" condition-coverage="0% (0/2)">
              <conditions>
                <condition number="290" type="jump" coverage="0%" />
              </conditions>
            </line>
            <line number="44" hits="0" branch="False" />
            <line number="46" hits="0" branch="False" />
            <line number="47" hits="0" branch="False" />
            <line number="48" hits="0" branch="False" />
            <line number="49" hits="0" branch="False" />
            <line number="50" hits="0" branch="False" />
            <line number="55" hits="1" branch="False" />
            <line number="56" hits="1" branch="False" />
            <line number="57" hits="1" branch="False" />
            <line number="58" hits="1" branch="False" />
            <line number="60" hits="1" branch="False" />
            <line number="61" hits="1" branch="False" />
            <line number="66" hits="0" branch="False" />
            <line number="67" hits="0" branch="False" />
            <line number="68" hits="0" branch="True" condition-coverage="0% (0/2)">
              <conditions>
                <condition number="25" type="jump" coverage="0%" />
              </conditions>
            </line>
            <line number="69" hits="0" branch="False" />
            <line number="71" hits="0" branch="False" />
            <line number="72" hits="0" branch="False" />
            <line number="74" hits="0" branch="False" />
            <line number="75" hits="0" branch="False" />
            <line number="80" hits="1" branch="False" />
            <line number="81" hits="1" branch="False" />
            <line number="82" hits="1" branch="True" condition-coverage="50% (1/2)">
              <conditions>
                <condition number="20" type="jump" coverage="50%" />
              </conditions>
            </line>
            <line number="83" hits="1" branch="False" />
            <line number="85" hits="0" branch="False" />
            <line number="86" hits="0" branch="False" />
            <line number="88" hits="0" branch="False" />
            <line number="89" hits="1" branch="False" />
            <line number="15" hits="3" branch="False" />
            <line number="16" hits="3" branch="False" />
            <line number="17" hits="3" branch="False" />
            <line number="18" hits="3" branch="False" />
            <line number="19" hits="3" branch="False" />
          </lines>
        </class>
      </classes>
    </package>
  </packages>
</coverage>